#
# A fatal error has been detected by the Java Runtime Environment:
#
#  EXCEPTION_ACCESS_VIOLATION (0xc0000005) at pc=0x015df370, pid=1552, tid=0x00001574
#
# JRE version: Java(TM) SE Runtime Environment (8.0_131-b11) (build 1.8.0_131-b11)
# Java VM: Java HotSpot(TM) Client VM (25.131-b11 mixed mode windows-x86 )
# Problematic frame:
# C  0x015df370
#
# Failed to write core dump. Minidumps are not enabled by default on client versions of Windows
#
# If you would like to submit a bug report, please visit:
#   http://bugreport.java.com/bugreport/crash.jsp
# The crash happened outside the Java Virtual Machine in native code.
# See problematic frame for where to report the bug.
#

---------------  T H R E A D  ---------------

Current thread (0x0151bc00):  JavaThread "main" [_thread_in_native, id=5492, stack(0x01810000,0x01860000)]

siginfo: ExceptionCode=0xc0000005, ExceptionInformation=0x00000008 0x015df370

Registers:
EAX=0x015f1dd8, EBX=0x15364b50, ECX=0x015ea320, EDX=0x15368250
ESP=0x0185e0fc, EBP=0x0185e118, ESI=0x15364b50, EDI=0x0151bc00
EIP=0x015df370, EFLAGS=0x00010216

Top of Stack: (sp=0x0185e0fc)
0x0185e0fc:   6dcd3f07 0151bc00 15364b50 15364b50
0x0185e10c:   0161f720 00000001 ffffff24 0185e160
0x0185e11c:   0300d3d3 0151bd40 0185e178 015ea320
0x0185e12c:   0151bc00 01580000 77de92e9 01585048
0x0185e13c:   6dc1e020 0185e140 00000000 0185e178
0x0185e14c:   15368250 00000000 15364b50 00000000
0x0185e15c:   0185e170 0185e19c 030047b4 00000000
0x0185e16c:   03009d26 015ea320 0151bc00 0512c718 

Instructions: (pc=0x015df370)
0x015df350:   e1 a2 7c 73 00 2d 02 8c 58 f3 5d 01 58 f3 5d 01
0x015df360:   00 00 00 00 00 00 00 00 e6 a2 73 73 00 2e 02 8c
0x015df370:   c8 b5 61 01 88 b9 61 01 00 00 00 00 00 00 00 00
0x015df380:   fb a2 76 73 00 2f 02 8c 00 48 67 01 90 ee 66 01 


Register to memory mapping:

EAX=0x015f1dd8 is an unknown value
EBX={method} {0x15364b54} 'self_native' '(J)Lbwapi/Player;' in 'bwapi/Game'
ECX=0x015ea320 is an unknown value
EDX=0x15368250 is pointing into metadata
ESP=0x0185e0fc is pointing into the stack for thread: 0x0151bc00
EBP=0x0185e118 is pointing into the stack for thread: 0x0151bc00
ESI={method} {0x15364b54} 'self_native' '(J)Lbwapi/Player;' in 'bwapi/Game'
EDI=0x0151bc00 is a thread


Stack: [0x01810000,0x01860000],  sp=0x0185e0fc,  free space=312k
Native frames: (J=compiled Java code, j=interpreted, Vv=VM code, C=native code)
C  0x015df370
j  bwapi.Game.self_native(J)Lbwapi/Player;+0
j  bwapi.Game.self()Lbwapi/Player;+5
j  SommerinoCamperino.onStart()V+16
j  bwapi.AIModule.onStart()V+11
v  ~StubRoutines::call_stub
V  [jvm.dll+0x15af45]
V  [jvm.dll+0x2213ae]
V  [jvm.dll+0x15afde]
V  [jvm.dll+0xdcdcb]
V  [jvm.dll+0xdfd5c]
C  [bwapi_bridge2_5.dll+0x1b20d]
C  [bwapi_bridge2_5.dll+0x750d3]
j  bwapi.Mirror.startGame()V+0
j  SommerinoCamperino.run()V+15
j  SommerinoCamperino.main([Ljava/lang/String;)V+7
v  ~StubRoutines::call_stub
V  [jvm.dll+0x15af45]
V  [jvm.dll+0x2213ae]
V  [jvm.dll+0x15afde]
V  [jvm.dll+0xdcb97]
V  [jvm.dll+0xe512f]
C  [javaw.exe+0x22ab]
C  [javaw.exe+0xaebf]
C  [javaw.exe+0xaf49]
C  [KERNEL32.DLL+0x162c4]
C  [ntdll.dll+0x60fd9]
C  [ntdll.dll+0x60fa4]
C  0x00000000

Java frames: (J=compiled Java code, j=interpreted, Vv=VM code)
j  bwapi.Game.self_native(J)Lbwapi/Player;+0
j  bwapi.Game.self()Lbwapi/Player;+5
j  SommerinoCamperino.onStart()V+16
j  bwapi.AIModule.onStart()V+11
v  ~StubRoutines::call_stub
j  bwapi.Mirror.startGame()V+0
j  SommerinoCamperino.run()V+15
j  SommerinoCamperino.main([Ljava/lang/String;)V+7
v  ~StubRoutines::call_stub

---------------  P R O C E S S  ---------------

Java Threads: ( => current thread )
  0x155f0000 JavaThread "Service Thread" daemon [_thread_blocked, id=4084, stack(0x15bc0000,0x15c10000)]
  0x155c3800 JavaThread "C1 CompilerThread0" daemon [_thread_blocked, id=8824, stack(0x15b30000,0x15b80000)]
  0x155c3000 JavaThread "Attach Listener" daemon [_thread_blocked, id=9504, stack(0x15aa0000,0x15af0000)]
  0x155ccc00 JavaThread "Signal Dispatcher" daemon [_thread_blocked, id=2684, stack(0x15a10000,0x15a60000)]
  0x155b8c00 JavaThread "Finalizer" daemon [_thread_blocked, id=8912, stack(0x15870000,0x158c0000)]
  0x155a3400 JavaThread "Reference Handler" daemon [_thread_blocked, id=3272, stack(0x157e0000,0x15830000)]
=>0x0151bc00 JavaThread "main" [_thread_in_native, id=5492, stack(0x01810000,0x01860000)]

Other Threads:
  0x02ffc000 VMThread [stack: 0x15550000,0x155a0000] [id=8408]
  0x155f3c00 WatcherThread [stack: 0x15d60000,0x15db0000] [id=9372]

VM state:not at safepoint (normal execution)

VM Mutex/Monitor currently owned by a thread: None

Heap:
 def new generation   total 4928K, used 2127K [0x05000000, 0x05550000, 0x0a550000)
  eden space 4416K,  48% used [0x05000000, 0x05213e88, 0x05450000)
  from space 512K,   0% used [0x05450000, 0x05450000, 0x054d0000)
  to   space 512K,   0% used [0x054d0000, 0x054d0000, 0x05550000)
 tenured generation   total 10944K, used 0K [0x0a550000, 0x0b000000, 0x15000000)
   the space 10944K,   0% used [0x0a550000, 0x0a550000, 0x0a550200, 0x0b000000)
 Metaspace       used 2048K, capacity 2600K, committed 2624K, reserved 4480K

Card table byte_map: [0x15000000,0x15090000] byte_map_base: 0x14fd8000

Polling page: 0x01570000

CodeCache: size=32768Kb used=715Kb max_used=715Kb free=32052Kb
 bounds [0x03000000, 0x030b8000, 0x05000000]
 total_blobs=204 nmethods=59 adapters=76
 compilation: enabled

Compilation events (10 events):
Event: 202.319 Thread 0x155c3800   51             SommerinoCamperino::onFrame (49 bytes)
Event: 202.320 Thread 0x155c3800 nmethod 51 0x030b1948 code [0x030b1ac0, 0x030b1ddc]
Event: 202.320 Thread 0x155c3800   52             java.lang.StringBuilder::<init> (18 bytes)
Event: 202.321 Thread 0x155c3800 nmethod 52 0x030b2208 code [0x030b2310, 0x030b244c]
Event: 202.321 Thread 0x155c3800   53             bwapi.Player::getName (9 bytes)
Event: 202.321 Thread 0x155c3800 nmethod 53 0x030b2548 code [0x030b2640, 0x030b26dc]
Event: 202.321 Thread 0x155c3800   55             bwapi.Player::getRace (9 bytes)
Event: 202.321 Thread 0x155c3800 nmethod 55 0x030b2748 code [0x030b2840, 0x030b28dc]
Event: 202.321 Thread 0x155c3800   57             bwapi.Race::toString (9 bytes)
Event: 202.321 Thread 0x155c3800 nmethod 57 0x030b2948 code [0x030b2a40, 0x030b2adc]

GC Heap History (0 events):
No events

Deoptimization events (0 events):
No events

Internal exceptions (3 events):
Event: 0.121 Thread 0x0151bc00 Exception <a 'java/lang/NoSuchMethodError': Method sun.misc.Unsafe.defineClass(Ljava/lang/String;[BII)Ljava/lang/Class; name or signature does not match> (0x05006e98) thrown at [C:\re\workspace\8-2-build-windows-i586-cygwin\jdk8u131\8869\hotspot\src\share
Event: 0.121 Thread 0x0151bc00 Exception <a 'java/lang/NoSuchMethodError': Method sun.misc.Unsafe.prefetchRead(Ljava/lang/Object;J)V name or signature does not match> (0x05007168) thrown at [C:\re\workspace\8-2-build-windows-i586-cygwin\jdk8u131\8869\hotspot\src\share\vm\prims\jni.cpp,
Event: 0.290 Thread 0x0151bc00 Exception <a 'java/io/FileNotFoundException'> (0x05052938) thrown at [C:\re\workspace\8-2-build-windows-i586-cygwin\jdk8u131\8869\hotspot\src\share\vm\prims\jni.cpp, line 709]

Events (10 events):
Event: 41.160 loading class bwapi/Position
Event: 41.160 loading class bwapi/Position done
Event: 41.166 loading class bwapi/Player
Event: 41.166 loading class bwapi/Player done
Event: 45.830 loading class bwapi/TilePosition
Event: 45.830 loading class bwapi/TilePosition done
Event: 47.490 loading class java/util/ArrayList$Itr
Event: 47.492 loading class java/util/ArrayList$Itr done
Event: 47.492 loading class bwapi/UnitCommand
Event: 47.492 loading class bwapi/UnitCommand done


Dynamic libraries:
0x002e0000 - 0x00313000 	C:\Program Files (x86)\Java\jre1.8.0_131\bin\javaw.exe
0x77dc0000 - 0x77f43000 	C:\WINDOWS\SYSTEM32\ntdll.dll
0x77250000 - 0x77330000 	C:\WINDOWS\System32\KERNEL32.DLL
0x77b20000 - 0x77cc1000 	C:\WINDOWS\System32\KERNELBASE.dll
0x76e00000 - 0x76e77000 	C:\WINDOWS\System32\ADVAPI32.dll
0x76060000 - 0x7611e000 	C:\WINDOWS\System32\msvcrt.dll
0x77330000 - 0x77371000 	C:\WINDOWS\System32\sechost.dll
0x76aa0000 - 0x76b61000 	C:\WINDOWS\System32\RPCRT4.dll
0x75c60000 - 0x75c7e000 	C:\WINDOWS\System32\SspiCli.dll
0x75c50000 - 0x75c5a000 	C:\WINDOWS\System32\CRYPTBASE.dll
0x75cb0000 - 0x75d0a000 	C:\WINDOWS\System32\bcryptPrimitives.dll
0x76120000 - 0x7627f000 	C:\WINDOWS\System32\USER32.dll
0x77090000 - 0x770a5000 	C:\WINDOWS\System32\win32u.dll
0x77220000 - 0x7724b000 	C:\WINDOWS\System32\GDI32.dll
0x76760000 - 0x768ba000 	C:\WINDOWS\System32\gdi32full.dll
0x72260000 - 0x7246a000 	C:\WINDOWS\WinSxS\x86_microsoft.windows.common-controls_6595b64144ccf1df_6.0.14393.953_none_89c2555adb023171\COMCTL32.dll
0x778f0000 - 0x77b01000 	C:\WINDOWS\System32\combase.dll
0x75f20000 - 0x76000000 	C:\WINDOWS\System32\ucrtbase.dll
0x75c80000 - 0x75ca5000 	C:\WINDOWS\System32\IMM32.DLL
0x6e310000 - 0x6e3cf000 	C:\Program Files (x86)\Java\jre1.8.0_131\bin\msvcr100.dll
0x6df40000 - 0x6e30e000 	C:\Program Files (x86)\Java\jre1.8.0_131\bin\client\jvm.dll
0x76d70000 - 0x76d76000 	C:\WINDOWS\System32\PSAPI.DLL
0x6fbc0000 - 0x6fbc8000 	C:\WINDOWS\SYSTEM32\WSOCK32.dll
0x75e00000 - 0x75e63000 	C:\WINDOWS\System32\WS2_32.dll
0x6f930000 - 0x6f954000 	C:\WINDOWS\SYSTEM32\WINMM.dll
0x75be0000 - 0x75be8000 	C:\WINDOWS\SYSTEM32\VERSION.dll
0x6f900000 - 0x6f923000 	C:\WINDOWS\SYSTEM32\WINMMBASE.dll
0x76e80000 - 0x76eb6000 	C:\WINDOWS\System32\cfgmgr32.dll
0x6ebd0000 - 0x6ebdc000 	C:\Program Files (x86)\Java\jre1.8.0_131\bin\verify.dll
0x6eba0000 - 0x6ebc1000 	C:\Program Files (x86)\Java\jre1.8.0_131\bin\java.dll
0x6eb80000 - 0x6eb93000 	C:\Program Files (x86)\Java\jre1.8.0_131\bin\zip.dll
0x74250000 - 0x75628000 	C:\WINDOWS\System32\SHELL32.dll
0x77380000 - 0x778ee000 	C:\WINDOWS\System32\windows.storage.dll
0x76ec0000 - 0x76f05000 	C:\WINDOWS\System32\powrprof.dll
0x76280000 - 0x762c6000 	C:\WINDOWS\System32\shlwapi.dll
0x768c0000 - 0x768cd000 	C:\WINDOWS\System32\kernel.appcore.dll
0x76cb0000 - 0x76d38000 	C:\WINDOWS\System32\shcore.dll
0x77b10000 - 0x77b1f000 	C:\WINDOWS\System32\profapi.dll
0x6dcb0000 - 0x6df36000 	C:\Users\simbu_000\Desktop\BWAPI-SC\workspace\ExampleBot\bwapi_bridge2_5.dll
0x6dc30000 - 0x6dca1000 	C:\Program Files (x86)\Java\jre1.8.0_131\bin\MSVCP120.dll
0x6db40000 - 0x6dc2e000 	C:\Program Files (x86)\Java\jre1.8.0_131\bin\MSVCR120.dll
0x6acc0000 - 0x6ad27000 	C:\Users\simbu_000\Desktop\BWAPI-SC\workspace\ExampleBot\libgmp-10.dll
0x6f540000 - 0x6f59e000 	C:\Users\simbu_000\Desktop\BWAPI-SC\workspace\ExampleBot\libmpfr-4.dll
0x6d8a0000 - 0x6d9e5000 	C:\WINDOWS\SYSTEM32\dbghelp.dll

VM Arguments:
jvm_args: -Dfile.encoding=Cp1252 
java_command: SommerinoCamperino
java_class_path (initial): C:\Users\simbu_000\Desktop\BWAPI-SC\workspace\ExampleBot\bin;C:\Users\simbu_000\Desktop\BWAPI-SC\workspace\ExampleBot\lib\bwmirror_v2_5.jar
Launcher Type: SUN_STANDARD

Environment Variables:
PATH=C:/Program Files/Java/jre1.8.0_131/bin/server;C:/Program Files/Java/jre1.8.0_131/bin;C:/Program Files/Java/jre1.8.0_131/lib/amd64;C:\ProgramData\Oracle\Java\javapath;C:\WINDOWS\system32;C:\WINDOWS;C:\WINDOWS\System32\Wbem;C:\WINDOWS\System32\WindowsPowerShell\v1.0\;C:\Program Files (x86)\GnuWin32\bin;C:\Program Files (x86)\Skype\Phone\;;C:\Users\simbu_000\AppData\Local\Microsoft\WindowsApps;C:\Users\simbu_000\Desktop;
USERNAME=simbu_000
OS=Windows_NT
PROCESSOR_IDENTIFIER=Intel64 Family 6 Model 37 Stepping 2, GenuineIntel



---------------  S Y S T E M  ---------------

OS: Windows 10.0 , 64 bit Build 14393 (10.0.14393.1198)

CPU:total 4 (initial active 4) (2 cores per cpu, 2 threads per core) family 6 model 37 stepping 2, cmov, cx8, fxsr, mmx, sse, sse2, sse3, ssse3, sse4.1, sse4.2, popcnt, aes, clmul, ht, tsc, tscinvbit

Memory: 4k page, physical 3985064k(978980k free), swap 8441512k(3701780k free)

vm_info: Java HotSpot(TM) Client VM (25.131-b11) for windows-x86 JRE (1.8.0_131-b11), built on Mar 15 2017 01:26:29 by "java_re" with MS VC++ 10.0 (VS2010)

time: Sun Jul 02 15:08:07 2017
elapsed time: 254 seconds (0d 0h 4m 14s)

