#
# A fatal error has been detected by the Java Runtime Environment:
#
#  EXCEPTION_ACCESS_VIOLATION (0xc0000005) at pc=0x733b3eff, pid=4488, tid=0x000012a4
#
# JRE version: Java(TM) SE Runtime Environment (8.0_144-b01) (build 1.8.0_144-b01)
# Java VM: Java HotSpot(TM) Client VM (25.144-b01 mixed mode windows-x86 )
# Problematic frame:
# C  [bwapi_bridge2_5.dll+0x23eff]
#
# Failed to write core dump. Minidumps are not enabled by default on client versions of Windows
#
# If you would like to submit a bug report, please visit:
#   http://bugreport.java.com/bugreport/crash.jsp
# The crash happened outside the Java Virtual Machine in native code.
# See problematic frame for where to report the bug.
#

---------------  T H R E A D  ---------------

Current thread (0x0229bc00):  JavaThread "main" [_thread_in_native, id=4772, stack(0x00920000,0x00970000)]

siginfo: ExceptionCode=0xc0000005, reading address 0x007a89c8

Registers:
EAX=0x733b3ef0, EBX=0x14a74960, ECX=0x007a89c8, EDX=0x14a78060
ESP=0x0096da00, EBP=0x0096da18, ESI=0x14a74960, EDI=0x0229bc00
EIP=0x733b3eff, EFLAGS=0x00010216

Top of Stack: (sp=0x0096da00)
0x0096da00:   0229bc00 14a74960 14a74960 77cc6b12
0x0096da10:   00000000 0073038c 0096da60 0267d3d3
0x0096da20:   0229bd40 0096da78 007a89c8 0229bc00
0x0096da30:   00000002 ffff0000 00000e95 03d1000e
0x0096da40:   0096da40 00000000 0096da78 14a78060
0x0096da50:   00000000 14a74960 00000000 0096da70
0x0096da60:   0096da9c 026747b4 00000000 02679d26
0x0096da70:   007a89c8 0229bc00 0492a040 0096da7c 

Instructions: (pc=0x733b3eff)
0x733b3edf:   14 5f 5e 33 cc e8 53 19 17 00 8b e5 5d c2 10 00
0x733b3eef:   cc 55 8b ec 83 e4 f8 83 ec 0c 8b 4d 10 53 56 57
0x733b3eff:   8b 01 ff 90 14 01 00 00 83 ec 18 99 8b cc 89 44
0x733b3f0f:   24 28 8b da 6a 0c c7 41 14 0f 00 00 00 c7 41 10 


Register to memory mapping:

EAX=0x733b3ef0 is an unknown value
EBX={method} {0x14a74964} 'self_native' '(J)Lbwapi/Player;' in 'bwapi/Game'
ECX=0x007a89c8 is an unknown value
EDX=0x14a78060 is pointing into metadata
ESP=0x0096da00 is pointing into the stack for thread: 0x0229bc00
EBP=0x0096da18 is pointing into the stack for thread: 0x0229bc00
ESI={method} {0x14a74964} 'self_native' '(J)Lbwapi/Player;' in 'bwapi/Game'
EDI=0x0229bc00 is a thread


Stack: [0x00920000,0x00970000],  sp=0x0096da00,  free space=310k
Native frames: (J=compiled Java code, j=interpreted, Vv=VM code, C=native code)
C  [bwapi_bridge2_5.dll+0x23eff]
j  bwapi.Game.self_native(J)Lbwapi/Player;+0
j  bwapi.Game.self()Lbwapi/Player;+5
j  BotLmao.onStart()V+16
j  bwapi.AIModule.onStart()V+11
v  ~StubRoutines::call_stub
V  [jvm.dll+0x15af45]
V  [jvm.dll+0x2213ae]
V  [jvm.dll+0x15afde]
V  [jvm.dll+0xdcdcb]
V  [jvm.dll+0xdfd5c]
C  [bwapi_bridge2_5.dll+0x1b20d]
C  [bwapi_bridge2_5.dll+0x750d3]
j  bwapi.Mirror.startGame()V+0
j  BotLmao.run()V+15
j  BotLmao.main([Ljava/lang/String;)V+7
v  ~StubRoutines::call_stub
V  [jvm.dll+0x15af45]
V  [jvm.dll+0x2213ae]
V  [jvm.dll+0x15afde]
V  [jvm.dll+0xdcb97]
V  [jvm.dll+0xe512f]
C  [javaw.exe+0x22ab]
C  [javaw.exe+0xaebf]
C  [javaw.exe+0xaf49]
C  [kernel32.dll+0x1336a]
C  [ntdll.dll+0x39902]
C  [ntdll.dll+0x398d5]
C  0x00000000

Java frames: (J=compiled Java code, j=interpreted, Vv=VM code)
j  bwapi.Game.self_native(J)Lbwapi/Player;+0
j  bwapi.Game.self()Lbwapi/Player;+5
j  BotLmao.onStart()V+16
j  bwapi.AIModule.onStart()V+11
v  ~StubRoutines::call_stub
j  bwapi.Mirror.startGame()V+0
j  BotLmao.run()V+15
j  BotLmao.main([Ljava/lang/String;)V+7
v  ~StubRoutines::call_stub

---------------  P R O C E S S  ---------------

Java Threads: ( => current thread )
  0x14ce8c00 JavaThread "Service Thread" daemon [_thread_blocked, id=4144, stack(0x15250000,0x152a0000)]
  0x14cba400 JavaThread "C1 CompilerThread0" daemon [_thread_blocked, id=2636, stack(0x15410000,0x15460000)]
  0x14cb9400 JavaThread "Attach Listener" daemon [_thread_blocked, id=3700, stack(0x15360000,0x153b0000)]
  0x14cb2800 JavaThread "Signal Dispatcher" daemon [_thread_blocked, id=2656, stack(0x15170000,0x151c0000)]
  0x14ca5c00 JavaThread "Finalizer" daemon [_thread_blocked, id=3892, stack(0x14f40000,0x14f90000)]
  0x14c7fc00 JavaThread "Reference Handler" daemon [_thread_blocked, id=4908, stack(0x14ed0000,0x14f20000)]
=>0x0229bc00 JavaThread "main" [_thread_in_native, id=4772, stack(0x00920000,0x00970000)]

Other Threads:
  0x14c79800 VMThread [stack: 0x04730000,0x04780000] [id=3936]
  0x14cf3c00 WatcherThread [stack: 0x153c0000,0x15410000] [id=6024]

VM state:not at safepoint (normal execution)

VM Mutex/Monitor currently owned by a thread: None

Heap:
 def new generation   total 4928K, used 1511K [0x04800000, 0x04d50000, 0x09d50000)
  eden space 4416K,  34% used [0x04800000, 0x04979cf8, 0x04c50000)
  from space 512K,   0% used [0x04c50000, 0x04c50000, 0x04cd0000)
  to   space 512K,   0% used [0x04cd0000, 0x04cd0000, 0x04d50000)
 tenured generation   total 10944K, used 0K [0x09d50000, 0x0a800000, 0x14800000)
   the space 10944K,   0% used [0x09d50000, 0x09d50000, 0x09d50200, 0x0a800000)
 Metaspace       used 2037K, capacity 2568K, committed 2624K, reserved 4480K

Card table byte_map: [0x00830000,0x008c0000] byte_map_base: 0x0080c000

Polling page: 0x001e0000

CodeCache: size=32768Kb used=695Kb max_used=695Kb free=32072Kb
 bounds [0x02670000, 0x02720000, 0x04670000]
 total_blobs=181 nmethods=36 adapters=76
 compilation: enabled

Compilation events (10 events):
Event: 17.059 Thread 0x14cba400   32             java.util.HashMap::getNode (148 bytes)
Event: 17.059 Thread 0x14cba400 nmethod 32 0x0271d088 code [0x0271d1c0, 0x0271d3f4]
Event: 18.349 Thread 0x14cba400   33             java.util.HashMap::get (23 bytes)
Event: 18.349 Thread 0x14cba400 nmethod 33 0x0271d608 code [0x0271d720, 0x0271d828]
Event: 21.099 Thread 0x14cba400   34             java.lang.Long::equals (30 bytes)
Event: 21.099 Thread 0x14cba400 nmethod 34 0x0271d908 code [0x0271da00, 0x0271db10]
Event: 21.099 Thread 0x14cba400   35             java.lang.Long::longValue (5 bytes)
Event: 21.099 Thread 0x14cba400 nmethod 35 0x0271db88 code [0x0271dc80, 0x0271dd00]
Event: 22.109 Thread 0x14cba400   36             java.util.ArrayList::size (5 bytes)
Event: 22.109 Thread 0x14cba400 nmethod 36 0x0271dd48 code [0x0271de40, 0x0271dec0]

GC Heap History (0 events):
No events

Deoptimization events (0 events):
No events

Internal exceptions (3 events):
Event: 0.070 Thread 0x0229bc00 Exception <a 'java/lang/NoSuchMethodError': Method sun.misc.Unsafe.defineClass(Ljava/lang/String;[BII)Ljava/lang/Class; name or signature does not match> (0x04806e98) thrown at [C:\workspace\8-2-build-windows-i586-cygwin\jdk8u144\9417\hotspot\src\share\vm
Event: 0.070 Thread 0x0229bc00 Exception <a 'java/lang/NoSuchMethodError': Method sun.misc.Unsafe.prefetchRead(Ljava/lang/Object;J)V name or signature does not match> (0x04807168) thrown at [C:\workspace\8-2-build-windows-i586-cygwin\jdk8u144\9417\hotspot\src\share\vm\prims\jni.cpp, li
Event: 0.099 Thread 0x0229bc00 Exception <a 'java/io/FileNotFoundException'> (0x04852120) thrown at [C:\workspace\8-2-build-windows-i586-cygwin\jdk8u144\9417\hotspot\src\share\vm\prims\jni.cpp, line 709]

Events (10 events):
Event: 4.129 Executing VM operation: EnableBiasedLocking
Event: 4.129 Executing VM operation: EnableBiasedLocking done
Event: 7.236 loading class bwapi/Game
Event: 7.236 loading class bwapi/Game done
Event: 7.238 loading class bwapi/Position
Event: 7.238 loading class bwapi/Position done
Event: 7.239 loading class bwapi/Player
Event: 7.239 loading class bwapi/Player done
Event: 11.466 loading class bwapi/TilePosition
Event: 11.466 loading class bwapi/TilePosition done


Dynamic libraries:
0x00350000 - 0x00383000 	C:\Program Files (x86)\Java\jre1.8.0_144\bin\javaw.exe
0x76f40000 - 0x770c0000 	C:\Windows\SysWOW64\ntdll.dll
0x74e80000 - 0x74f90000 	C:\Windows\syswow64\kernel32.dll
0x76af0000 - 0x76b37000 	C:\Windows\syswow64\KERNELBASE.dll
0x75810000 - 0x758b1000 	C:\Windows\syswow64\ADVAPI32.dll
0x758c0000 - 0x7596c000 	C:\Windows\syswow64\msvcrt.dll
0x74cd0000 - 0x74ce9000 	C:\Windows\SysWOW64\sechost.dll
0x767e0000 - 0x768d0000 	C:\Windows\syswow64\RPCRT4.dll
0x747e0000 - 0x74840000 	C:\Windows\syswow64\SspiCli.dll
0x747d0000 - 0x747dc000 	C:\Windows\syswow64\CRYPTBASE.dll
0x74d40000 - 0x74e40000 	C:\Windows\syswow64\USER32.dll
0x75260000 - 0x752f0000 	C:\Windows\syswow64\GDI32.dll
0x752f0000 - 0x752fa000 	C:\Windows\syswow64\LPK.dll
0x75300000 - 0x7539d000 	C:\Windows\syswow64\USP10.dll
0x71e30000 - 0x71fce000 	C:\Windows\WinSxS\x86_microsoft.windows.common-controls_6595b64144ccf1df_6.0.7601.18837_none_41e855142bd5705d\COMCTL32.dll
0x75750000 - 0x757a7000 	C:\Windows\syswow64\SHLWAPI.dll
0x76a90000 - 0x76af0000 	C:\Windows\system32\IMM32.DLL
0x75060000 - 0x7512d000 	C:\Windows\syswow64\MSCTF.dll
0x74510000 - 0x74542000 	C:\PROGRA~2\Sophos\SOPHOS~1\SOPHOS~1.DLL
0x76f10000 - 0x76f15000 	C:\Windows\syswow64\PSAPI.DLL
0x73a00000 - 0x73abf000 	C:\Program Files (x86)\Java\jre1.8.0_144\bin\msvcr100.dll
0x6ee90000 - 0x6f25e000 	C:\Program Files (x86)\Java\jre1.8.0_144\bin\client\jvm.dll
0x71560000 - 0x71567000 	C:\Windows\system32\WSOCK32.dll
0x75970000 - 0x759a5000 	C:\Windows\syswow64\WS2_32.dll
0x753a0000 - 0x753a6000 	C:\Windows\syswow64\NSI.dll
0x72030000 - 0x72062000 	C:\Windows\system32\WINMM.dll
0x727d0000 - 0x727d9000 	C:\Windows\system32\VERSION.dll
0x73d70000 - 0x73d7c000 	C:\Program Files (x86)\Java\jre1.8.0_144\bin\verify.dll
0x73d40000 - 0x73d61000 	C:\Program Files (x86)\Java\jre1.8.0_144\bin\java.dll
0x73d20000 - 0x73d33000 	C:\Program Files (x86)\Java\jre1.8.0_144\bin\zip.dll
0x75b90000 - 0x767dc000 	C:\Windows\syswow64\SHELL32.dll
0x753b0000 - 0x7550d000 	C:\Windows\syswow64\ole32.dll
0x74e70000 - 0x74e7b000 	C:\Windows\syswow64\profapi.dll
0x73390000 - 0x73616000 	C:\Software\Sommercamp_2017\workspace\ExampleBot\bwapi_bridge2_5.dll
0x6acc0000 - 0x6ad27000 	C:\Software\Sommercamp_2017\workspace\ExampleBot\libgmp-10.dll
0x6f540000 - 0x6f59e000 	C:\Software\Sommercamp_2017\workspace\ExampleBot\libmpfr-4.dll
0x73ca0000 - 0x73d11000 	C:\Program Files (x86)\Java\jre1.8.0_144\bin\MSVCP120.dll
0x73910000 - 0x739fe000 	C:\Program Files (x86)\Java\jre1.8.0_144\bin\MSVCR120.dll
0x70d40000 - 0x70e2b000 	C:\Windows\system32\dbghelp.dll

VM Arguments:
jvm_args: -Dfile.encoding=Cp1252 
java_command: BotLmao
java_class_path (initial): C:\Software\Sommercamp_2017\workspace\ExampleBot\bin;C:\Software\Sommercamp_2017\workspace\ExampleBot\lib\bwmirror_v2_5.jar
Launcher Type: SUN_STANDARD

Environment Variables:
PATH=C:/Program Files/Java/jre1.8.0_144/bin/server;C:/Program Files/Java/jre1.8.0_144/bin;C:/Program Files/Java/jre1.8.0_144/lib/amd64;C:\ProgramData\Oracle\Java\javapath;C:\Windows\system32;C:\Windows;C:\Windows\System32\Wbem;C:\Windows\System32\WindowsPowerShell\v1.0\;C:\Program Files\TortoiseGit\bin;C:\Program Files\Git\cmd;C:\eclipse;
USERNAME=sc2017u01
OS=Windows_NT
PROCESSOR_IDENTIFIER=Intel64 Family 6 Model 42 Stepping 7, GenuineIntel



---------------  S Y S T E M  ---------------

OS: Windows 7 , 64 bit Build 7601 (6.1.7601.23807)

CPU:total 4 (initial active 4) (4 cores per cpu, 1 threads per core) family 6 model 42 stepping 7, cmov, cx8, fxsr, mmx, sse, sse2, sse3, ssse3, sse4.1, sse4.2, popcnt, avx, aes, clmul, tsc, tscinvbit

Memory: 4k page, physical 8266684k(5636084k free), swap 16531508k(13859068k free)

vm_info: Java HotSpot(TM) Client VM (25.144-b01) for windows-x86 JRE (1.8.0_144-b01), built on Jul 21 2017 21:58:05 by "java_re" with MS VC++ 10.0 (VS2010)

time: Mon Jul 31 16:01:15 2017
elapsed time: 41 seconds (0d 0h 0m 41s)

