#
# A fatal error has been detected by the Java Runtime Environment:
#
#  EXCEPTION_ACCESS_VIOLATION (0xc0000005) at pc=0x00000000, pid=1444, tid=0x00000e90
#
# JRE version: Java(TM) SE Runtime Environment (8.0_131-b11) (build 1.8.0_131-b11)
# Java VM: Java HotSpot(TM) Client VM (25.131-b11 mixed mode windows-x86 )
# Problematic frame:
# C  0x00000000
#
# Failed to write core dump. Minidumps are not enabled by default on client versions of Windows
#
# If you would like to submit a bug report, please visit:
#   http://bugreport.java.com/bugreport/crash.jsp
# The crash happened outside the Java Virtual Machine in native code.
# See problematic frame for where to report the bug.
#

---------------  T H R E A D  ---------------

Current thread (0x027bbc00):  JavaThread "main" [_thread_in_native, id=3728, stack(0x027c0000,0x02810000)]

siginfo: ExceptionCode=0xc0000005, ExceptionInformation=0x00000008 0x00000000

Registers:
EAX=0x17824398, EBX=0x14d64b50, ECX=0x00e0a080, EDX=0x14d68250
ESP=0x0280dd8c, EBP=0x0280dda8, ESI=0x14d64b50, EDI=0x027bbc00
EIP=0x00000000, EFLAGS=0x00010216

Top of Stack: (sp=0x0280dd8c)
0x0280dd8c:   6dcd3f07 027bbc00 14d64b50 14d64b50
0x0280dd9c:   17ace018 00000001 00000000 0280ddf0
0x0280ddac:   029dd3d3 027bbd40 0280de08 00e0a080
0x0280ddbc:   027bbc00 00da0000 77de92e9 00000016
0x0280ddcc:   6dc1e020 0280ddd0 00000000 0280de08
0x0280dddc:   14d68250 00000000 14d64b50 00000000
0x0280ddec:   0280de00 0280de2c 029d47b4 00000000
0x0280ddfc:   029d9d26 00e0a080 027bbc00 04b2c718 

Instructions: (pc=0x00000000)
0xffffffe0:   


Register to memory mapping:

EAX=0x17824398 is an unknown value
EBX={method} {0x14d64b54} 'self_native' '(J)Lbwapi/Player;' in 'bwapi/Game'
ECX=0x00e0a080 is an unknown value
EDX=0x14d68250 is pointing into metadata
ESP=0x0280dd8c is pointing into the stack for thread: 0x027bbc00
EBP=0x0280dda8 is pointing into the stack for thread: 0x027bbc00
ESI={method} {0x14d64b54} 'self_native' '(J)Lbwapi/Player;' in 'bwapi/Game'
EDI=0x027bbc00 is a thread


Stack: [0x027c0000,0x02810000],  sp=0x0280dd8c,  free space=311k
Java frames: (J=compiled Java code, j=interpreted, Vv=VM code)
j  bwapi.Game.self_native(J)Lbwapi/Player;+0
j  bwapi.Game.self()Lbwapi/Player;+5
j  SommerinoCamperino.onStart()V+16
j  bwapi.AIModule.onStart()V+11
v  ~StubRoutines::call_stub
j  bwapi.Mirror.startGame()V+0
j  SommerinoCamperino.run()V+15
j  SommerinoCamperino.main([Ljava/lang/String;)V+7
v  ~StubRoutines::call_stub

---------------  P R O C E S S  ---------------

Java Threads: ( => current thread )
  0x15028000 JavaThread "Service Thread" daemon [_thread_blocked, id=5712, stack(0x15600000,0x15650000)]
  0x15003800 JavaThread "C1 CompilerThread0" daemon [_thread_blocked, id=6376, stack(0x15570000,0x155c0000)]
  0x15003000 JavaThread "Attach Listener" daemon [_thread_blocked, id=248, stack(0x154e0000,0x15530000)]
  0x1500cc00 JavaThread "Signal Dispatcher" daemon [_thread_blocked, id=6676, stack(0x15450000,0x154a0000)]
  0x14ff8c00 JavaThread "Finalizer" daemon [_thread_blocked, id=664, stack(0x152b0000,0x15300000)]
  0x14fe3400 JavaThread "Reference Handler" daemon [_thread_blocked, id=5376, stack(0x15220000,0x15270000)]
=>0x027bbc00 JavaThread "main" [_thread_in_native, id=3728, stack(0x027c0000,0x02810000)]

Other Threads:
  0x029cc000 VMThread [stack: 0x14f90000,0x14fe0000] [id=1324]
  0x15033c00 WatcherThread [stack: 0x157a0000,0x157f0000] [id=9396]

VM state:not at safepoint (normal execution)

VM Mutex/Monitor currently owned by a thread: None

Heap:
 def new generation   total 4928K, used 1509K [0x04a00000, 0x04f50000, 0x09f50000)
  eden space 4416K,  34% used [0x04a00000, 0x04b79538, 0x04e50000)
  from space 512K,   0% used [0x04e50000, 0x04e50000, 0x04ed0000)
  to   space 512K,   0% used [0x04ed0000, 0x04ed0000, 0x04f50000)
 tenured generation   total 10944K, used 0K [0x09f50000, 0x0aa00000, 0x14a00000)
   the space 10944K,   0% used [0x09f50000, 0x09f50000, 0x09f50200, 0x0aa00000)
 Metaspace       used 2048K, capacity 2600K, committed 2624K, reserved 4480K

Card table byte_map: [0x14a00000,0x14a90000] byte_map_base: 0x149db000

Polling page: 0x02810000

CodeCache: size=32768Kb used=697Kb max_used=697Kb free=32070Kb
 bounds [0x029d0000, 0x02a80000, 0x049d0000]
 total_blobs=181 nmethods=36 adapters=76
 compilation: enabled

Compilation events (10 events):
Event: 8.228 Thread 0x15003800   32             java.lang.Long::hashCode (8 bytes)
Event: 8.229 Thread 0x15003800 nmethod 32 0x02a7d088 code [0x02a7d180, 0x02a7d220]
Event: 17.620 Thread 0x15003800   33             java.lang.String::getChars (62 bytes)
Event: 17.620 Thread 0x15003800 nmethod 33 0x02a7d288 code [0x02a7d3c0, 0x02a7d5e0]
Event: 19.244 Thread 0x15003800   34             java.lang.AbstractStringBuilder::append (50 bytes)
Event: 19.245 Thread 0x15003800 nmethod 34 0x02a7d7c8 code [0x02a7d900, 0x02a7db60]
Event: 20.979 Thread 0x15003800   35             java.lang.StringBuilder::append (8 bytes)
Event: 20.979 Thread 0x15003800 nmethod 35 0x02a7dd48 code [0x02a7de40, 0x02a7dedc]
Event: 456.878 Thread 0x15003800   36             java.util.HashMap::getNode (148 bytes)
Event: 456.879 Thread 0x15003800 nmethod 36 0x02a7df48 code [0x02a7e080, 0x02a7e2b4]

GC Heap History (0 events):
No events

Deoptimization events (0 events):
No events

Internal exceptions (3 events):
Event: 0.090 Thread 0x027bbc00 Exception <a 'java/lang/NoSuchMethodError': Method sun.misc.Unsafe.defineClass(Ljava/lang/String;[BII)Ljava/lang/Class; name or signature does not match> (0x04a06e98) thrown at [C:\re\workspace\8-2-build-windows-i586-cygwin\jdk8u131\8869\hotspot\src\share
Event: 0.090 Thread 0x027bbc00 Exception <a 'java/lang/NoSuchMethodError': Method sun.misc.Unsafe.prefetchRead(Ljava/lang/Object;J)V name or signature does not match> (0x04a07168) thrown at [C:\re\workspace\8-2-build-windows-i586-cygwin\jdk8u131\8869\hotspot\src\share\vm\prims\jni.cpp,
Event: 0.384 Thread 0x027bbc00 Exception <a 'java/io/FileNotFoundException'> (0x04a52938) thrown at [C:\re\workspace\8-2-build-windows-i586-cygwin\jdk8u131\8869\hotspot\src\share\vm\prims\jni.cpp, line 709]

Events (10 events):
Event: 3.685 loading class bwapi/Player
Event: 3.686 loading class bwapi/Player done
Event: 4.404 Executing VM operation: EnableBiasedLocking
Event: 4.404 Executing VM operation: EnableBiasedLocking done
Event: 8.225 loading class bwapi/TilePosition
Event: 8.225 loading class bwapi/TilePosition done
Event: 12.010 loading class java/util/ArrayList$Itr
Event: 12.010 loading class java/util/ArrayList$Itr done
Event: 12.011 loading class bwapi/UnitCommand
Event: 12.011 loading class bwapi/UnitCommand done


Dynamic libraries:
0x002e0000 - 0x00313000 	C:\Program Files (x86)\Java\jre1.8.0_131\bin\javaw.exe
0x77dc0000 - 0x77f43000 	C:\WINDOWS\SYSTEM32\ntdll.dll
0x77250000 - 0x77330000 	C:\WINDOWS\System32\KERNEL32.DLL
0x77b20000 - 0x77cc1000 	C:\WINDOWS\System32\KERNELBASE.dll
0x76e00000 - 0x76e77000 	C:\WINDOWS\System32\ADVAPI32.dll
0x76060000 - 0x7611e000 	C:\WINDOWS\System32\msvcrt.dll
0x77330000 - 0x77371000 	C:\WINDOWS\System32\sechost.dll
0x76aa0000 - 0x76b61000 	C:\WINDOWS\System32\RPCRT4.dll
0x75c60000 - 0x75c7e000 	C:\WINDOWS\System32\SspiCli.dll
0x75c50000 - 0x75c5a000 	C:\WINDOWS\System32\CRYPTBASE.dll
0x75cb0000 - 0x75d0a000 	C:\WINDOWS\System32\bcryptPrimitives.dll
0x76120000 - 0x7627f000 	C:\WINDOWS\System32\USER32.dll
0x77090000 - 0x770a5000 	C:\WINDOWS\System32\win32u.dll
0x77220000 - 0x7724b000 	C:\WINDOWS\System32\GDI32.dll
0x76760000 - 0x768ba000 	C:\WINDOWS\System32\gdi32full.dll
0x72260000 - 0x7246a000 	C:\WINDOWS\WinSxS\x86_microsoft.windows.common-controls_6595b64144ccf1df_6.0.14393.953_none_89c2555adb023171\COMCTL32.dll
0x778f0000 - 0x77b01000 	C:\WINDOWS\System32\combase.dll
0x75f20000 - 0x76000000 	C:\WINDOWS\System32\ucrtbase.dll
0x75c80000 - 0x75ca5000 	C:\WINDOWS\System32\IMM32.DLL
0x6e310000 - 0x6e3cf000 	C:\Program Files (x86)\Java\jre1.8.0_131\bin\msvcr100.dll
0x6df40000 - 0x6e30e000 	C:\Program Files (x86)\Java\jre1.8.0_131\bin\client\jvm.dll
0x76d70000 - 0x76d76000 	C:\WINDOWS\System32\PSAPI.DLL
0x6fbc0000 - 0x6fbc8000 	C:\WINDOWS\SYSTEM32\WSOCK32.dll
0x75e00000 - 0x75e63000 	C:\WINDOWS\System32\WS2_32.dll
0x6f930000 - 0x6f954000 	C:\WINDOWS\SYSTEM32\WINMM.dll
0x75be0000 - 0x75be8000 	C:\WINDOWS\SYSTEM32\VERSION.dll
0x6f900000 - 0x6f923000 	C:\WINDOWS\SYSTEM32\WINMMBASE.dll
0x76e80000 - 0x76eb6000 	C:\WINDOWS\System32\cfgmgr32.dll
0x6ebd0000 - 0x6ebdc000 	C:\Program Files (x86)\Java\jre1.8.0_131\bin\verify.dll
0x6eba0000 - 0x6ebc1000 	C:\Program Files (x86)\Java\jre1.8.0_131\bin\java.dll
0x6eb80000 - 0x6eb93000 	C:\Program Files (x86)\Java\jre1.8.0_131\bin\zip.dll
0x74250000 - 0x75628000 	C:\WINDOWS\System32\SHELL32.dll
0x77380000 - 0x778ee000 	C:\WINDOWS\System32\windows.storage.dll
0x76ec0000 - 0x76f05000 	C:\WINDOWS\System32\powrprof.dll
0x76280000 - 0x762c6000 	C:\WINDOWS\System32\shlwapi.dll
0x768c0000 - 0x768cd000 	C:\WINDOWS\System32\kernel.appcore.dll
0x76cb0000 - 0x76d38000 	C:\WINDOWS\System32\shcore.dll
0x77b10000 - 0x77b1f000 	C:\WINDOWS\System32\profapi.dll
0x6dcb0000 - 0x6df36000 	C:\Users\simbu_000\Desktop\BWAPI-SC\workspace\ExampleBot\bwapi_bridge2_5.dll
0x6f540000 - 0x6f59e000 	C:\Users\simbu_000\Desktop\BWAPI-SC\workspace\ExampleBot\libmpfr-4.dll
0x6acc0000 - 0x6ad27000 	C:\Users\simbu_000\Desktop\BWAPI-SC\workspace\ExampleBot\libgmp-10.dll
0x6dc30000 - 0x6dca1000 	C:\Program Files (x86)\Java\jre1.8.0_131\bin\MSVCP120.dll
0x6db40000 - 0x6dc2e000 	C:\Program Files (x86)\Java\jre1.8.0_131\bin\MSVCR120.dll
0x6d8a0000 - 0x6d9e5000 	C:\WINDOWS\SYSTEM32\dbghelp.dll

VM Arguments:
jvm_args: -Dfile.encoding=Cp1252 
java_command: SommerinoCamperino
java_class_path (initial): C:\Users\simbu_000\Desktop\BWAPI-SC\workspace\ExampleBot\bin;C:\Users\simbu_000\Desktop\BWAPI-SC\workspace\ExampleBot\lib\bwmirror_v2_5.jar
Launcher Type: SUN_STANDARD

Environment Variables:
PATH=C:/Program Files/Java/jre1.8.0_131/bin/server;C:/Program Files/Java/jre1.8.0_131/bin;C:/Program Files/Java/jre1.8.0_131/lib/amd64;C:\ProgramData\Oracle\Java\javapath;C:\WINDOWS\system32;C:\WINDOWS;C:\WINDOWS\System32\Wbem;C:\WINDOWS\System32\WindowsPowerShell\v1.0\;C:\Program Files (x86)\GnuWin32\bin;C:\Program Files (x86)\Skype\Phone\;;C:\Users\simbu_000\AppData\Local\Microsoft\WindowsApps;C:\Users\simbu_000\Desktop;
USERNAME=simbu_000
OS=Windows_NT
PROCESSOR_IDENTIFIER=Intel64 Family 6 Model 37 Stepping 2, GenuineIntel



---------------  S Y S T E M  ---------------

OS: Windows 10.0 , 64 bit Build 14393 (10.0.14393.1198)

CPU:total 4 (initial active 4) (2 cores per cpu, 2 threads per core) family 6 model 37 stepping 2, cmov, cx8, fxsr, mmx, sse, sse2, sse3, ssse3, sse4.1, sse4.2, popcnt, aes, clmul, ht, tsc, tscinvbit

Memory: 4k page, physical 3985064k(922368k free), swap 8441512k(3569436k free)

vm_info: Java HotSpot(TM) Client VM (25.131-b11) for windows-x86 JRE (1.8.0_131-b11), built on Mar 15 2017 01:26:29 by "java_re" with MS VC++ 10.0 (VS2010)

time: Sun Jul 02 15:16:42 2017
elapsed time: 482 seconds (0d 0h 8m 2s)

