#
# A fatal error has been detected by the Java Runtime Environment:
#
#  EXCEPTION_ACCESS_VIOLATION (0xc0000005) at pc=0x733b3f01, pid=2680, tid=0x00000d48
#
# JRE version: Java(TM) SE Runtime Environment (8.0_144-b01) (build 1.8.0_144-b01)
# Java VM: Java HotSpot(TM) Client VM (25.144-b01 mixed mode windows-x86 )
# Problematic frame:
# C  [bwapi_bridge2_5.dll+0x23f01]
#
# Failed to write core dump. Minidumps are not enabled by default on client versions of Windows
#
# If you would like to submit a bug report, please visit:
#   http://bugreport.java.com/bugreport/crash.jsp
# The crash happened outside the Java Virtual Machine in native code.
# See problematic frame for where to report the bug.
#

---------------  T H R E A D  ---------------

Current thread (0x0100bc00):  JavaThread "main" [_thread_in_native, id=3400, stack(0x00a00000,0x00a50000)]

siginfo: ExceptionCode=0xc0000005, reading address 0x46094d46

Registers:
EAX=0x46094c32, EBX=0x14c55908, ECX=0x006789c8, EDX=0x14c59008
ESP=0x00a4e0b0, EBP=0x00a4e0c8, ESI=0x14c55908, EDI=0x0100bc00
EIP=0x733b3f01, EFLAGS=0x00010212

Top of Stack: (sp=0x00a4e0b0)
0x00a4e0b0:   0100bc00 14c55908 14c55908 77dddf3f
0x00a4e0c0:   00000000 0060038c 00a4e110 0290d3d3
0x00a4e0d0:   0100bd40 00a4e128 006789c8 0100bc00
0x00a4e0e0:   00000002 ffff0000 0066eca8 03d1000e
0x00a4e0f0:   00a4e0f0 00000000 00a4e128 14c59008
0x00a4e100:   00000000 14c55908 00000000 00a4e120
0x00a4e110:   00a4e14c 029047b4 00000000 02909d26
0x00a4e120:   006789c8 0100bc00 04b2a758 00a4e12c 

Instructions: (pc=0x733b3f01)
0x733b3ee1:   5e 33 cc e8 53 19 17 00 8b e5 5d c2 10 00 cc 55
0x733b3ef1:   8b ec 83 e4 f8 83 ec 0c 8b 4d 10 53 56 57 8b 01
0x733b3f01:   ff 90 14 01 00 00 83 ec 18 99 8b cc 89 44 24 28
0x733b3f11:   8b da 6a 0c c7 41 14 0f 00 00 00 c7 41 10 00 00 


Register to memory mapping:

EAX=0x46094c32 is an unknown value
EBX={method} {0x14c5590c} 'self_native' '(J)Lbwapi/Player;' in 'bwapi/Game'
ECX=0x006789c8 is an unknown value
EDX=0x14c59008 is pointing into metadata
ESP=0x00a4e0b0 is pointing into the stack for thread: 0x0100bc00
EBP=0x00a4e0c8 is pointing into the stack for thread: 0x0100bc00
ESI={method} {0x14c5590c} 'self_native' '(J)Lbwapi/Player;' in 'bwapi/Game'
EDI=0x0100bc00 is a thread


Stack: [0x00a00000,0x00a50000],  sp=0x00a4e0b0,  free space=312k
Native frames: (J=compiled Java code, j=interpreted, Vv=VM code, C=native code)
C  [bwapi_bridge2_5.dll+0x23f01]
j  bwapi.Game.self_native(J)Lbwapi/Player;+0
j  bwapi.Game.self()Lbwapi/Player;+5
j  BotLmao.onStart()V+16
j  bwapi.AIModule.onStart()V+11
v  ~StubRoutines::call_stub
V  [jvm.dll+0x15af45]
V  [jvm.dll+0x2213ae]
V  [jvm.dll+0x15afde]
V  [jvm.dll+0xdcdcb]
V  [jvm.dll+0xdfd5c]
C  [bwapi_bridge2_5.dll+0x1b20d]
C  [bwapi_bridge2_5.dll+0x750d3]
j  bwapi.Mirror.startGame()V+0
j  BotLmao.run()V+15
j  BotLmao.main([Ljava/lang/String;)V+7
v  ~StubRoutines::call_stub
V  [jvm.dll+0x15af45]
V  [jvm.dll+0x2213ae]
V  [jvm.dll+0x15afde]
V  [jvm.dll+0xdcb97]
V  [jvm.dll+0xe512f]
C  [javaw.exe+0x22ab]
C  [javaw.exe+0xaebf]
C  [javaw.exe+0xaf49]
C  [kernel32.dll+0x1336a]
C  [ntdll.dll+0x39902]
C  [ntdll.dll+0x398d5]
C  0x00000000

Java frames: (J=compiled Java code, j=interpreted, Vv=VM code)
j  bwapi.Game.self_native(J)Lbwapi/Player;+0
j  bwapi.Game.self()Lbwapi/Player;+5
j  BotLmao.onStart()V+16
j  bwapi.AIModule.onStart()V+11
v  ~StubRoutines::call_stub
j  bwapi.Mirror.startGame()V+0
j  BotLmao.run()V+15
j  BotLmao.main([Ljava/lang/String;)V+7
v  ~StubRoutines::call_stub

---------------  P R O C E S S  ---------------

Java Threads: ( => current thread )
  0x14ed9c00 JavaThread "Service Thread" daemon [_thread_blocked, id=4608, stack(0x15530000,0x15580000)]
  0x14eb5800 JavaThread "C1 CompilerThread0" daemon [_thread_blocked, id=5952, stack(0x153d0000,0x15420000)]
  0x14eb4800 JavaThread "Attach Listener" daemon [_thread_blocked, id=4220, stack(0x15300000,0x15350000)]
  0x14ebb400 JavaThread "Signal Dispatcher" daemon [_thread_blocked, id=5440, stack(0x15170000,0x151c0000)]
  0x14ea5c00 JavaThread "Finalizer" daemon [_thread_blocked, id=3772, stack(0x04970000,0x049c0000)]
  0x14e7fc00 JavaThread "Reference Handler" daemon [_thread_blocked, id=3996, stack(0x00f50000,0x00fa0000)]
=>0x0100bc00 JavaThread "main" [_thread_in_native, id=3400, stack(0x00a00000,0x00a50000)]

Other Threads:
  0x14e79800 VMThread [stack: 0x01170000,0x011c0000] [id=4300]
  0x14ee4c00 WatcherThread [stack: 0x156b0000,0x15700000] [id=5956]

VM state:not at safepoint (normal execution)

VM Mutex/Monitor currently owned by a thread: None

Heap:
 def new generation   total 4928K, used 1670K [0x04a00000, 0x04f50000, 0x09f50000)
  eden space 4416K,  37% used [0x04a00000, 0x04ba1ae8, 0x04e50000)
  from space 512K,   0% used [0x04e50000, 0x04e50000, 0x04ed0000)
  to   space 512K,   0% used [0x04ed0000, 0x04ed0000, 0x04f50000)
 tenured generation   total 10944K, used 0K [0x09f50000, 0x0aa00000, 0x14a00000)
   the space 10944K,   0% used [0x09f50000, 0x09f50000, 0x09f50200, 0x0aa00000)
 Metaspace       used 2060K, capacity 2600K, committed 2624K, reserved 4480K

Card table byte_map: [0x002f0000,0x00380000] byte_map_base: 0x002cb000

Polling page: 0x00140000

CodeCache: size=32768Kb used=702Kb max_used=702Kb free=32065Kb
 bounds [0x02900000, 0x029b0000, 0x04900000]
 total_blobs=188 nmethods=43 adapters=76
 compilation: enabled

Compilation events (10 events):
Event: 18.598 Thread 0x14eb5800   39             java.util.ArrayList::rangeCheck (22 bytes)
Event: 18.598 Thread 0x14eb5800 nmethod 39 0x029ae6c8 code [0x029ae820, 0x029aeab8]
Event: 18.598 Thread 0x14eb5800   40             java.util.ArrayList::elementData (7 bytes)
Event: 18.598 Thread 0x14eb5800 nmethod 40 0x029aed88 code [0x029aee80, 0x029aef20]
Event: 21.748 Thread 0x14eb5800   41             java.util.ArrayList::add (29 bytes)
Event: 21.748 Thread 0x14eb5800 nmethod 41 0x029aefc8 code [0x029af0d0, 0x029af23c]
Event: 21.748 Thread 0x14eb5800   42             java.util.ArrayList::ensureCapacityInternal (23 bytes)
Event: 21.748 Thread 0x14eb5800 nmethod 42 0x029af388 code [0x029af490, 0x029af55c]
Event: 21.748 Thread 0x14eb5800   43             java.util.ArrayList::ensureExplicitCapacity (26 bytes)
Event: 21.748 Thread 0x14eb5800 nmethod 43 0x029af608 code [0x029af710, 0x029af7bc]

GC Heap History (0 events):
No events

Deoptimization events (0 events):
No events

Internal exceptions (3 events):
Event: 0.071 Thread 0x0100bc00 Exception <a 'java/lang/NoSuchMethodError': Method sun.misc.Unsafe.defineClass(Ljava/lang/String;[BII)Ljava/lang/Class; name or signature does not match> (0x04a06e98) thrown at [C:\workspace\8-2-build-windows-i586-cygwin\jdk8u144\9417\hotspot\src\share\vm
Event: 0.071 Thread 0x0100bc00 Exception <a 'java/lang/NoSuchMethodError': Method sun.misc.Unsafe.prefetchRead(Ljava/lang/Object;J)V name or signature does not match> (0x04a07168) thrown at [C:\workspace\8-2-build-windows-i586-cygwin\jdk8u144\9417\hotspot\src\share\vm\prims\jni.cpp, li
Event: 0.103 Thread 0x0100bc00 Exception <a 'java/io/FileNotFoundException'> (0x04a52120) thrown at [C:\workspace\8-2-build-windows-i586-cygwin\jdk8u144\9417\hotspot\src\share\vm\prims\jni.cpp, line 709]

Events (10 events):
Event: 9.704 loading class java/util/LinkedList
Event: 9.704 loading class java/util/AbstractSequentialList
Event: 9.704 loading class java/util/AbstractSequentialList done
Event: 9.704 loading class java/util/LinkedList done
Event: 9.705 loading class bwapi/TilePosition
Event: 9.705 loading class bwapi/TilePosition done
Event: 9.705 loading class java/util/LinkedList$Node
Event: 9.705 loading class java/util/LinkedList$Node done
Event: 12.048 loading class bwapi/UnitCommand
Event: 12.048 loading class bwapi/UnitCommand done


Dynamic libraries:
0x011f0000 - 0x01223000 	C:\Program Files (x86)\Java\jre1.8.0_144\bin\javaw.exe
0x76f40000 - 0x770c0000 	C:\Windows\SysWOW64\ntdll.dll
0x74e80000 - 0x74f90000 	C:\Windows\syswow64\kernel32.dll
0x76af0000 - 0x76b37000 	C:\Windows\syswow64\KERNELBASE.dll
0x75810000 - 0x758b1000 	C:\Windows\syswow64\ADVAPI32.dll
0x758c0000 - 0x7596c000 	C:\Windows\syswow64\msvcrt.dll
0x74cd0000 - 0x74ce9000 	C:\Windows\SysWOW64\sechost.dll
0x767e0000 - 0x768d0000 	C:\Windows\syswow64\RPCRT4.dll
0x747e0000 - 0x74840000 	C:\Windows\syswow64\SspiCli.dll
0x747d0000 - 0x747dc000 	C:\Windows\syswow64\CRYPTBASE.dll
0x74d40000 - 0x74e40000 	C:\Windows\syswow64\USER32.dll
0x75260000 - 0x752f0000 	C:\Windows\syswow64\GDI32.dll
0x752f0000 - 0x752fa000 	C:\Windows\syswow64\LPK.dll
0x75300000 - 0x7539d000 	C:\Windows\syswow64\USP10.dll
0x71e30000 - 0x71fce000 	C:\Windows\WinSxS\x86_microsoft.windows.common-controls_6595b64144ccf1df_6.0.7601.18837_none_41e855142bd5705d\COMCTL32.dll
0x75750000 - 0x757a7000 	C:\Windows\syswow64\SHLWAPI.dll
0x76a90000 - 0x76af0000 	C:\Windows\system32\IMM32.DLL
0x75060000 - 0x7512d000 	C:\Windows\syswow64\MSCTF.dll
0x74510000 - 0x74542000 	C:\PROGRA~2\Sophos\SOPHOS~1\SOPHOS~1.DLL
0x76f10000 - 0x76f15000 	C:\Windows\syswow64\PSAPI.DLL
0x73a00000 - 0x73abf000 	C:\Program Files (x86)\Java\jre1.8.0_144\bin\msvcr100.dll
0x6ee90000 - 0x6f25e000 	C:\Program Files (x86)\Java\jre1.8.0_144\bin\client\jvm.dll
0x71560000 - 0x71567000 	C:\Windows\system32\WSOCK32.dll
0x75970000 - 0x759a5000 	C:\Windows\syswow64\WS2_32.dll
0x753a0000 - 0x753a6000 	C:\Windows\syswow64\NSI.dll
0x72030000 - 0x72062000 	C:\Windows\system32\WINMM.dll
0x727d0000 - 0x727d9000 	C:\Windows\system32\VERSION.dll
0x73d70000 - 0x73d7c000 	C:\Program Files (x86)\Java\jre1.8.0_144\bin\verify.dll
0x73d40000 - 0x73d61000 	C:\Program Files (x86)\Java\jre1.8.0_144\bin\java.dll
0x73d20000 - 0x73d33000 	C:\Program Files (x86)\Java\jre1.8.0_144\bin\zip.dll
0x75b90000 - 0x767dc000 	C:\Windows\syswow64\SHELL32.dll
0x753b0000 - 0x7550d000 	C:\Windows\syswow64\ole32.dll
0x74e70000 - 0x74e7b000 	C:\Windows\syswow64\profapi.dll
0x73390000 - 0x73616000 	C:\Software\Sommercamp_2017\workspace\ExampleBot\bwapi_bridge2_5.dll
0x6acc0000 - 0x6ad27000 	C:\Software\Sommercamp_2017\workspace\ExampleBot\libgmp-10.dll
0x6f540000 - 0x6f59e000 	C:\Software\Sommercamp_2017\workspace\ExampleBot\libmpfr-4.dll
0x73ca0000 - 0x73d11000 	C:\Program Files (x86)\Java\jre1.8.0_144\bin\MSVCP120.dll
0x73910000 - 0x739fe000 	C:\Program Files (x86)\Java\jre1.8.0_144\bin\MSVCR120.dll
0x70d40000 - 0x70e2b000 	C:\Windows\system32\dbghelp.dll

VM Arguments:
jvm_args: -Dfile.encoding=Cp1252 
java_command: BotLmao
java_class_path (initial): C:\Software\Sommercamp_2017\workspace\ExampleBot\bin;C:\Software\Sommercamp_2017\workspace\ExampleBot\lib\bwmirror_v2_5.jar
Launcher Type: SUN_STANDARD

Environment Variables:
PATH=C:/Program Files/Java/jre1.8.0_144/bin/server;C:/Program Files/Java/jre1.8.0_144/bin;C:/Program Files/Java/jre1.8.0_144/lib/amd64;C:\ProgramData\Oracle\Java\javapath;C:\Windows\system32;C:\Windows;C:\Windows\System32\Wbem;C:\Windows\System32\WindowsPowerShell\v1.0\;C:\Program Files\TortoiseGit\bin;C:\Program Files\Git\cmd;C:\eclipse;
USERNAME=sc2017u01
OS=Windows_NT
PROCESSOR_IDENTIFIER=Intel64 Family 6 Model 42 Stepping 7, GenuineIntel



---------------  S Y S T E M  ---------------

OS: Windows 7 , 64 bit Build 7601 (6.1.7601.23807)

CPU:total 4 (initial active 4) (4 cores per cpu, 1 threads per core) family 6 model 42 stepping 7, cmov, cx8, fxsr, mmx, sse, sse2, sse3, ssse3, sse4.1, sse4.2, popcnt, avx, aes, clmul, tsc, tscinvbit

Memory: 4k page, physical 8266684k(5608336k free), swap 16531508k(13810740k free)

vm_info: Java HotSpot(TM) Client VM (25.144-b01) for windows-x86 JRE (1.8.0_144-b01), built on Jul 21 2017 21:58:05 by "java_re" with MS VC++ 10.0 (VS2010)

time: Mon Jul 31 16:34:35 2017
elapsed time: 38 seconds (0d 0h 0m 38s)

