#
# A fatal error has been detected by the Java Runtime Environment:
#
#  EXCEPTION_ACCESS_VIOLATION (0xc0000005) at pc=0x6e393eff, pid=5624, tid=0x00001720
#
# JRE version: Java(TM) SE Runtime Environment (8.0_131-b11) (build 1.8.0_131-b11)
# Java VM: Java HotSpot(TM) Client VM (25.131-b11 mixed mode, sharing windows-x86 )
# Problematic frame:
# C  [bwapi_bridge2_5.dll+0x23eff]
#
# Failed to write core dump. Minidumps are not enabled by default on client versions of Windows
#
# If you would like to submit a bug report, please visit:
#   http://bugreport.java.com/bugreport/crash.jsp
# The crash happened outside the Java Virtual Machine in native code.
# See problematic frame for where to report the bug.
#

---------------  T H R E A D  ---------------

Current thread (0x002ebc00):  JavaThread "main" [_thread_in_native, id=5920, stack(0x009c0000,0x00a10000)]

siginfo: ExceptionCode=0xc0000005, reading address 0x004b2b60

Registers:
EAX=0x6e393ef0, EBX=0x15034b50, ECX=0x004b2b60, EDX=0x15038250
ESP=0x00a0e0f0, EBP=0x00a0e108, ESI=0x15034b50, EDI=0x002ebc00
EIP=0x6e393eff, EFLAGS=0x00010216

Top of Stack: (sp=0x00a0e0f0)
0x00a0e0f0:   002ebc00 15034b50 15034b50 72b823d1
0x00a0e100:   00000000 0042038c 00a0e150 0274d3d3
0x00a0e110:   002ebd40 00a0e168 004b2b60 002ebc00
0x00a0e120:   00000002 ffff0000 00000d52 0494000e
0x00a0e130:   00a0e130 00000000 00a0e168 15038250
0x00a0e140:   00000000 15034b50 00000000 00a0e160
0x00a0e150:   00a0e18c 027447b4 00000000 02749d26
0x00a0e160:   004b2b60 002ebc00 0492c4a8 00a0e16c 

Instructions: (pc=0x6e393eff)
0x6e393edf:   14 5f 5e 33 cc e8 53 19 17 00 8b e5 5d c2 10 00
0x6e393eef:   cc 55 8b ec 83 e4 f8 83 ec 0c 8b 4d 10 53 56 57
0x6e393eff:   8b 01 ff 90 14 01 00 00 83 ec 18 99 8b cc 89 44
0x6e393f0f:   24 28 8b da 6a 0c c7 41 14 0f 00 00 00 c7 41 10 


Register to memory mapping:

EAX=0x6e393ef0 is an unknown value
EBX={method} {0x15034b54} 'self_native' '(J)Lbwapi/Player;' in 'bwapi/Game'
ECX=0x004b2b60 is an unknown value
EDX=0x15038250 is pointing into metadata
ESP=0x00a0e0f0 is pointing into the stack for thread: 0x002ebc00
EBP=0x00a0e108 is pointing into the stack for thread: 0x002ebc00
ESI={method} {0x15034b54} 'self_native' '(J)Lbwapi/Player;' in 'bwapi/Game'
EDI=0x002ebc00 is a thread


Stack: [0x009c0000,0x00a10000],  sp=0x00a0e0f0,  free space=312k
Native frames: (J=compiled Java code, j=interpreted, Vv=VM code, C=native code)
C  [bwapi_bridge2_5.dll+0x23eff]
j  bwapi.Game.self_native(J)Lbwapi/Player;+0
j  bwapi.Game.self()Lbwapi/Player;+5
j  SommerinoCamperino.onStart()V+16
j  bwapi.AIModule.onStart()V+11
v  ~StubRoutines::call_stub
V  [jvm.dll+0x15af45]
V  [jvm.dll+0x2213ae]
V  [jvm.dll+0x15afde]
V  [jvm.dll+0xdcdcb]
V  [jvm.dll+0xdfd5c]
C  [bwapi_bridge2_5.dll+0x1b20d]
C  [bwapi_bridge2_5.dll+0x750d3]
j  bwapi.Mirror.startGame()V+0
j  SommerinoCamperino.run()V+15
j  SommerinoCamperino.main([Ljava/lang/String;)V+7
v  ~StubRoutines::call_stub
V  [jvm.dll+0x15af45]
V  [jvm.dll+0x2213ae]
V  [jvm.dll+0x15afde]
V  [jvm.dll+0xdcb97]
V  [jvm.dll+0xe512f]
C  [javaw.exe+0x22ab]
C  [javaw.exe+0xaebf]
C  [javaw.exe+0xaf49]
C  [kernel32.dll+0x1336a]
C  [ntdll.dll+0x39902]
C  [ntdll.dll+0x398d5]
C  0x00000000

Java frames: (J=compiled Java code, j=interpreted, Vv=VM code)
j  bwapi.Game.self_native(J)Lbwapi/Player;+0
j  bwapi.Game.self()Lbwapi/Player;+5
j  SommerinoCamperino.onStart()V+16
j  bwapi.AIModule.onStart()V+11
v  ~StubRoutines::call_stub
j  bwapi.Mirror.startGame()V+0
j  SommerinoCamperino.run()V+15
j  SommerinoCamperino.main([Ljava/lang/String;)V+7
v  ~StubRoutines::call_stub

---------------  P R O C E S S  ---------------

Java Threads: ( => current thread )
  0x00fe2000 JavaThread "Service Thread" daemon [_thread_blocked, id=3328, stack(0x15e40000,0x15e90000)]
  0x00fbb000 JavaThread "C1 CompilerThread0" daemon [_thread_blocked, id=4748, stack(0x15dc0000,0x15e10000)]
  0x00fb9000 JavaThread "Attach Listener" daemon [_thread_blocked, id=5780, stack(0x15d10000,0x15d60000)]
  0x00fb6000 JavaThread "Signal Dispatcher" daemon [_thread_blocked, id=5808, stack(0x15bd0000,0x15c20000)]
  0x00faa800 JavaThread "Finalizer" daemon [_thread_blocked, id=5048, stack(0x15a90000,0x15ae0000)]
  0x00f4e400 JavaThread "Reference Handler" daemon [_thread_blocked, id=320, stack(0x15a30000,0x15a80000)]
=>0x002ebc00 JavaThread "main" [_thread_in_native, id=5920, stack(0x009c0000,0x00a10000)]

Other Threads:
  0x00f4a000 VMThread [stack: 0x153a0000,0x153f0000] [id=5420]
  0x00fec800 WatcherThread [stack: 0x16190000,0x161e0000] [id=2984]

VM state:not at safepoint (normal execution)

VM Mutex/Monitor currently owned by a thread: None

Heap:
 def new generation   total 4928K, used 1597K [0x04800000, 0x04d50000, 0x09d50000)
  eden space 4416K,  36% used [0x04800000, 0x0498f490, 0x04c50000)
  from space 512K,   0% used [0x04c50000, 0x04c50000, 0x04cd0000)
  to   space 512K,   0% used [0x04cd0000, 0x04cd0000, 0x04d50000)
 tenured generation   total 10944K, used 0K [0x09d50000, 0x0a800000, 0x14800000)
   the space 10944K,   0% used [0x09d50000, 0x09d50000, 0x09d50200, 0x0a800000)
 Metaspace       used 389K, capacity 2600K, committed 2624K, reserved 4480K

Card table byte_map: [0x00380000,0x00410000] byte_map_base: 0x0035c000

Polling page: 0x001b0000

CodeCache: size=32768Kb used=701Kb max_used=701Kb free=32066Kb
 bounds [0x02740000, 0x027f0000, 0x04740000]
 total_blobs=184 nmethods=39 adapters=76
 compilation: enabled

Compilation events (10 events):
Event: 37.527 Thread 0x00fbb000   35             java.lang.StringBuilder::append (8 bytes)
Event: 37.527 Thread 0x00fbb000 nmethod 35 0x027edd48 code [0x027ede40, 0x027ededc]
Event: 98.785 Thread 0x00fbb000   36             java.util.HashMap::getNode (148 bytes)
Event: 98.785 Thread 0x00fbb000 nmethod 36 0x027edf48 code [0x027ee080, 0x027ee2b4]
Event: 922.238 Thread 0x00fbb000   37             java.util.Arrays::copyOfRange (63 bytes)
Event: 922.238 Thread 0x00fbb000 nmethod 37 0x027ee4c8 code [0x027ee620, 0x027ee9b8]
Event: 924.312 Thread 0x00fbb000   38             java.util.HashMap::get (23 bytes)
Event: 924.312 Thread 0x00fbb000 nmethod 38 0x027eec48 code [0x027eed60, 0x027eee68]
Event: 925.779 Thread 0x00fbb000   39             java.lang.String::<init> (82 bytes)
Event: 925.779 Thread 0x00fbb000 nmethod 39 0x027eef48 code [0x027ef090, 0x027ef2a0]

GC Heap History (0 events):
No events

Deoptimization events (0 events):
No events

Internal exceptions (3 events):
Event: 0.015 Thread 0x002ebc00 Exception <a 'java/lang/NoSuchMethodError': Method sun.misc.Unsafe.defineClass(Ljava/lang/String;[BII)Ljava/lang/Class; name or signature does not match> (0x048079c0) thrown at [C:\re\workspace\8-2-build-windows-i586-cygwin\jdk8u131\8869\hotspot\src\share
Event: 0.015 Thread 0x002ebc00 Exception <a 'java/lang/NoSuchMethodError': Method sun.misc.Unsafe.prefetchRead(Ljava/lang/Object;J)V name or signature does not match> (0x04807c90) thrown at [C:\re\workspace\8-2-build-windows-i586-cygwin\jdk8u131\8869\hotspot\src\share\vm\prims\jni.cpp,
Event: 0.033 Thread 0x002ebc00 Exception <a 'java/io/FileNotFoundException'> (0x048528c0) thrown at [C:\re\workspace\8-2-build-windows-i586-cygwin\jdk8u131\8869\hotspot\src\share\vm\prims\jni.cpp, line 709]

Events (10 events):
Event: 20.077 loading class bwapi/Game
Event: 20.077 loading class bwapi/Game done
Event: 20.079 loading class bwapi/Position
Event: 20.079 loading class bwapi/Position done
Event: 20.080 loading class bwapi/Player
Event: 20.080 loading class bwapi/Player done
Event: 24.771 loading class bwapi/TilePosition
Event: 24.771 loading class bwapi/TilePosition done
Event: 37.464 loading class bwapi/UnitCommand
Event: 37.464 loading class bwapi/UnitCommand done


Dynamic libraries:
0x01300000 - 0x01333000 	C:\Program Files (x86)\Java\jre1.8.0_131\bin\javaw.exe
0x77070000 - 0x771f0000 	C:\Windows\SysWOW64\ntdll.dll
0x75c70000 - 0x75d80000 	C:\Windows\syswow64\kernel32.dll
0x75ee0000 - 0x75f27000 	C:\Windows\syswow64\KERNELBASE.dll
0x76220000 - 0x762c1000 	C:\Windows\syswow64\ADVAPI32.dll
0x766e0000 - 0x7678c000 	C:\Windows\syswow64\msvcrt.dll
0x76790000 - 0x767a9000 	C:\Windows\SysWOW64\sechost.dll
0x76130000 - 0x76220000 	C:\Windows\syswow64\RPCRT4.dll
0x74910000 - 0x74970000 	C:\Windows\syswow64\SspiCli.dll
0x74900000 - 0x7490c000 	C:\Windows\syswow64\CRYPTBASE.dll
0x767c0000 - 0x768c0000 	C:\Windows\syswow64\USER32.dll
0x74d10000 - 0x74da0000 	C:\Windows\syswow64\GDI32.dll
0x75af0000 - 0x75afa000 	C:\Windows\syswow64\LPK.dll
0x75bd0000 - 0x75c6d000 	C:\Windows\syswow64\USP10.dll
0x71f60000 - 0x720fe000 	C:\Windows\WinSxS\x86_microsoft.windows.common-controls_6595b64144ccf1df_6.0.7601.18837_none_41e855142bd5705d\COMCTL32.dll
0x75b60000 - 0x75bb7000 	C:\Windows\syswow64\SHLWAPI.dll
0x76680000 - 0x766e0000 	C:\Windows\system32\IMM32.DLL
0x76050000 - 0x7611d000 	C:\Windows\syswow64\MSCTF.dll
0x74640000 - 0x74672000 	C:\PROGRA~2\Sophos\SOPHOS~1\SOPHOS~1.DLL
0x762d0000 - 0x762d5000 	C:\Windows\syswow64\PSAPI.DLL
0x6f940000 - 0x6f9ff000 	C:\Program Files (x86)\Java\jre1.8.0_131\bin\msvcr100.dll
0x6d230000 - 0x6d5fe000 	C:\Program Files (x86)\Java\jre1.8.0_131\bin\client\jvm.dll
0x71690000 - 0x71697000 	C:\Windows\system32\WSOCK32.dll
0x74da0000 - 0x74dd5000 	C:\Windows\syswow64\WS2_32.dll
0x75b50000 - 0x75b56000 	C:\Windows\syswow64\NSI.dll
0x72160000 - 0x72192000 	C:\Windows\system32\WINMM.dll
0x72900000 - 0x72909000 	C:\Windows\system32\VERSION.dll
0x73380000 - 0x7338c000 	C:\Program Files (x86)\Java\jre1.8.0_131\bin\verify.dll
0x72c80000 - 0x72ca1000 	C:\Program Files (x86)\Java\jre1.8.0_131\bin\java.dll
0x72c60000 - 0x72c73000 	C:\Program Files (x86)\Java\jre1.8.0_131\bin\zip.dll
0x74e10000 - 0x75a5c000 	C:\Windows\syswow64\SHELL32.dll
0x74970000 - 0x74acd000 	C:\Windows\syswow64\ole32.dll
0x767b0000 - 0x767bb000 	C:\Windows\syswow64\profapi.dll
0x6e370000 - 0x6e5f6000 	C:\Users\win7admin\Desktop\BWAPI-SC\workspace\ExampleBot\bwapi_bridge2_5.dll
0x6acc0000 - 0x6ad27000 	C:\Users\win7admin\Desktop\BWAPI-SC\workspace\ExampleBot\libgmp-10.dll
0x6f540000 - 0x6f59e000 	C:\Users\win7admin\Desktop\BWAPI-SC\workspace\ExampleBot\libmpfr-4.dll
0x70e50000 - 0x70ec1000 	C:\Program Files (x86)\Java\jre1.8.0_131\bin\MSVCP120.dll
0x6f850000 - 0x6f93e000 	C:\Program Files (x86)\Java\jre1.8.0_131\bin\MSVCR120.dll
0x6cf20000 - 0x6d00b000 	C:\Windows\system32\dbghelp.dll

VM Arguments:
jvm_args: -Dfile.encoding=Cp1252 
java_command: SommerinoCamperino
java_class_path (initial): C:\Users\win7admin\Desktop\BWAPI-SC\workspace\ExampleBot\bin;C:\Users\win7admin\Desktop\BWAPI-SC\workspace\ExampleBot\lib\bwmirror_v2_5.jar
Launcher Type: SUN_STANDARD

Environment Variables:
PATH=C:/Program Files/Java/jre1.8.0_141/bin/server;C:/Program Files/Java/jre1.8.0_141/bin;C:/Program Files/Java/jre1.8.0_141/lib/amd64;C:\ProgramData\Oracle\Java\javapath;C:\Windows\system32;C:\Windows;C:\Windows\System32\Wbem;C:\Windows\System32\WindowsPowerShell\v1.0\;C:\Program Files\TortoiseGit\bin;C:\Program Files\TortoiseSVN\bin;C:\eclipse;
USERNAME=win7admin
OS=Windows_NT
PROCESSOR_IDENTIFIER=Intel64 Family 6 Model 60 Stepping 3, GenuineIntel



---------------  S Y S T E M  ---------------

OS: Windows 7 , 64 bit Build 7601 (6.1.7601.23807)

CPU:total 8 (initial active 8) (4 cores per cpu, 2 threads per core) family 6 model 60 stepping 3, cmov, cx8, fxsr, mmx, sse, sse2, sse3, ssse3, sse4.1, sse4.2, popcnt, avx, avx2, aes, clmul, erms, lzcnt, ht, tsc, tscinvbit, bmi1, bmi2

Memory: 4k page, physical 16683148k(13167732k free), swap 33364436k(29659628k free)

vm_info: Java HotSpot(TM) Client VM (25.131-b11) for windows-x86 JRE (1.8.0_131-b11), built on Mar 15 2017 01:26:29 by "java_re" with MS VC++ 10.0 (VS2010)

time: Thu Jul 20 17:09:14 2017
elapsed time: 3123 seconds (0d 0h 52m 3s)

